{"/Users/luobing/FEDemo/Webpack/ci-webpack-demo/lib/webpack.base.js":{"path":"/Users/luobing/FEDemo/Webpack/ci-webpack-demo/lib/webpack.base.js","s":{"1":1,"2":1,"3":1,"4":1,"5":1,"6":1,"7":1,"8":1,"9":0,"10":0,"11":1,"12":1,"13":1,"14":0,"15":0,"16":1},"b":{"1":[0,1],"2":[1,0,0],"3":[0,1],"4":[1,0,0]},"f":{"1":1,"2":1},"fnMap":{"1":{"name":"(anonymous_1)","line":9,"loc":{"start":{"line":9,"column":13},"end":{"line":9,"column":22}}},"2":{"name":"(anonymous_2)","line":13,"loc":{"start":{"line":13,"column":7},"end":{"line":13,"column":17}}}},"statementMap":{"1":{"start":{"line":1,"column":0},"end":{"line":1,"column":29}},"2":{"start":{"line":3,"column":0},"end":{"line":3,"column":31}},"3":{"start":{"line":4,"column":0},"end":{"line":4,"column":57}},"4":{"start":{"line":5,"column":0},"end":{"line":5,"column":63}},"5":{"start":{"line":10,"column":4},"end":{"line":10,"column":27}},"6":{"start":{"line":15,"column":4},"end":{"line":22,"column":6}},"7":{"start":{"line":17,"column":9},"end":{"line":17,"column":42}},"8":{"start":{"line":18,"column":8},"end":{"line":21,"column":9}},"9":{"start":{"line":19,"column":10},"end":{"line":19,"column":41}},"10":{"start":{"line":20,"column":10},"end":{"line":20,"column":26}},"11":{"start":{"line":23,"column":4},"end":{"line":30,"column":6}},"12":{"start":{"line":25,"column":8},"end":{"line":25,"column":39}},"13":{"start":{"line":26,"column":8},"end":{"line":29,"column":9}},"14":{"start":{"line":27,"column":10},"end":{"line":27,"column":41}},"15":{"start":{"line":28,"column":10},"end":{"line":28,"column":26}},"16":{"start":{"line":34,"column":0},"end":{"line":80,"column":1}}},"branchMap":{"1":{"line":18,"type":"if","locations":[{"start":{"line":18,"column":8},"end":{"line":18,"column":8}},{"start":{"line":18,"column":8},"end":{"line":18,"column":8}}]},"2":{"line":18,"type":"binary-expr","locations":[{"start":{"line":18,"column":11},"end":{"line":18,"column":34}},{"start":{"line":18,"column":38},"end":{"line":18,"column":68}},{"start":{"line":18,"column":72},"end":{"line":18,"column":110}}]},"3":{"line":26,"type":"if","locations":[{"start":{"line":26,"column":8},"end":{"line":26,"column":8}},{"start":{"line":26,"column":8},"end":{"line":26,"column":8}}]},"4":{"line":26,"type":"binary-expr","locations":[{"start":{"line":26,"column":11},"end":{"line":26,"column":34}},{"start":{"line":26,"column":38},"end":{"line":26,"column":68}},{"start":{"line":26,"column":72},"end":{"line":26,"column":110}}]}}},"/Users/luobing/FEDemo/Webpack/ci-webpack-demo/lib/webpack.pro.js":{"path":"/Users/luobing/FEDemo/Webpack/ci-webpack-demo/lib/webpack.pro.js","s":{"1":1,"2":1,"3":1,"4":1,"5":1,"6":1,"7":1,"8":1},"b":{},"f":{},"fnMap":{},"statementMap":{"1":{"start":{"line":1,"column":0},"end":{"line":1,"column":29}},"2":{"start":{"line":2,"column":0},"end":{"line":2,"column":43}},"3":{"start":{"line":3,"column":0},"end":{"line":3,"column":35}},"4":{"start":{"line":4,"column":0},"end":{"line":4,"column":64}},"5":{"start":{"line":5,"column":0},"end":{"line":5,"column":85}},"6":{"start":{"line":7,"column":0},"end":{"line":7,"column":48}},"7":{"start":{"line":8,"column":0},"end":{"line":55,"column":1}},"8":{"start":{"line":57,"column":0},"end":{"line":57,"column":46}}},"branchMap":{}},"/Users/luobing/FEDemo/Webpack/ci-webpack-demo/postcss.config.js":{"path":"/Users/luobing/FEDemo/Webpack/ci-webpack-demo/postcss.config.js","s":{"1":1,"2":1},"b":{},"f":{},"fnMap":{},"statementMap":{"1":{"start":{"line":1,"column":0},"end":{"line":1,"column":36}},"2":{"start":{"line":3,"column":0},"end":{"line":10,"column":1}}},"branchMap":{}}}