TN:
SF:/Users/luobing/FEDemo/Webpack/ci-webpack-demo/lib/webpack.base.js
FN:9,(anonymous_1)
FN:13,(anonymous_2)
FNF:2
FNH:2
FNDA:1,(anonymous_1)
FNDA:1,(anonymous_2)
DA:1,1
DA:3,1
DA:4,1
DA:5,1
DA:10,1
DA:15,1
DA:17,1
DA:18,1
DA:19,0
DA:20,0
DA:23,1
DA:25,1
DA:26,1
DA:27,0
DA:28,0
DA:34,1
LF:16
LH:12
BRDA:18,1,0,0
BRDA:18,1,1,1
BRDA:18,2,0,1
BRDA:18,2,1,0
BRDA:18,2,2,0
BRDA:26,3,0,0
BRDA:26,3,1,1
BRDA:26,4,0,1
BRDA:26,4,1,0
BRDA:26,4,2,0
BRF:10
BRH:4
end_of_record
TN:
SF:/Users/luobing/FEDemo/Webpack/ci-webpack-demo/lib/webpack.pro.js
FNF:0
FNH:0
DA:1,1
DA:2,1
DA:3,1
DA:4,1
DA:5,1
DA:7,1
DA:8,1
DA:57,1
LF:8
LH:8
BRF:0
BRH:0
end_of_record
TN:
SF:/Users/luobing/FEDemo/Webpack/ci-webpack-demo/postcss.config.js
FNF:0
FNH:0
DA:1,1
DA:3,1
LF:2
LH:2
BRF:0
BRH:0
end_of_record
